<?xml version="1.0" encoding="UTF-8"?>
<testng-results skipped="0" failed="0" total="1" passed="1">
  <reporter-output>
  </reporter-output>
  <suite name="A" duration-ms="26335" started-at="2014-11-10T07:50:52Z" finished-at="2014-11-10T07:51:19Z">
    <groups>
    </groups>
    <test name="FirefoxTest" duration-ms="26335" started-at="2014-11-10T07:50:52Z" finished-at="2014-11-10T07:51:19Z">
      <class name="p1.GoogleFstLinkTest">
        <test-method status="PASS" signature="bfrmthd()[pri:0, instance:p1.GoogleFstLinkTest@583e0ebb]" name="bfrmthd" is-config="true" duration-ms="21378" started-at="2014-11-10T13:20:52Z" finished-at="2014-11-10T13:21:14Z">
          <reporter-output>
          </reporter-output>
        </test-method> <!-- bfrmthd -->
        <test-method status="PASS" signature="googleTest1()[pri:0, instance:p1.GoogleFstLinkTest@583e0ebb]" name="googleTest1" duration-ms="4489" started-at="2014-11-10T13:21:14Z" finished-at="2014-11-10T13:21:18Z">
          <reporter-output>
          </reporter-output>
        </test-method> <!-- googleTest1 -->
        <test-method status="PASS" signature="aftrMeth()[pri:0, instance:p1.GoogleFstLinkTest@583e0ebb]" name="aftrMeth" is-config="true" duration-ms="442" started-at="2014-11-10T13:21:18Z" finished-at="2014-11-10T13:21:19Z">
          <reporter-output>
          </reporter-output>
        </test-method> <!-- aftrMeth -->
      </class> <!-- p1.GoogleFstLinkTest -->
    </test> <!-- FirefoxTest -->
  </suite> <!-- A -->
</testng-results>
